# JRE version: OpenJDK Runtime Environment (8.0_202-b03) (build 1.8.0_202-release-1483-b03)
# Java VM: OpenJDK 64-Bit Server VM (25.202-b03 mixed mode windows-amd64 compressed oops)
Heap:
 PSYoungGen      total 246784K, used 101472K [0x00000000e0000000, 0x00000000f2e00000, 0x0000000100000000)
  eden space 223232K, 42% used [0x00000000e0000000,0x00000000e5d8d8d8,0x00000000eda00000)
  from space 23552K, 24% used [0x00000000eda00000,0x00000000edf8aa30,0x00000000ef100000)
  to   space 23040K, 0% used [0x00000000f1780000,0x00000000f1780000,0x00000000f2e00000)
 ParOldGen       total 140800K, used 33114K [0x00000000a0000000, 0x00000000a8980000, 0x00000000e0000000)
  object space 140800K, 23% used [0x00000000a0000000,0x00000000a2056888,0x00000000a8980000)
 Metaspace       used 59508K, capacity 61624K, committed 61864K, reserved 1101824K
  class space    used 8123K, capacity 8605K, committed 8616K, reserved 1048576K
GC Heap History (10 events):
Event: 4.580 GC heap before
{Heap before GC invocations=12 (full 2):
 PSYoungGen      total 158208K, used 158191K [0x00000000e0000000, 0x00000000ed700000, 0x0000000100000000)
  eden space 144896K, 100% used [0x00000000e0000000,0x00000000e8d80000,0x00000000e8d80000)
  from space 13312K, 99% used [0x00000000e8d80000,0x00000000e9a7bc78,0x00000000e9a80000)
  to   space 16896K, 0% used [0x00000000ec680000,0x00000000ec680000,0x00000000ed700000)
 ParOldGen       total 94720K, used 19659K [0x00000000a0000000, 0x00000000a5c80000, 0x00000000e0000000)
  object space 94720K, 20% used [0x00000000a0000000,0x00000000a1332ee0,0x00000000a5c80000)
 Metaspace       used 55727K, capacity 57738K, committed 58024K, reserved 1099776K
  class space    used 7619K, capacity 8023K, committed 8104K, reserved 1048576K
Event: 4.602 GC heap after
Heap after GC invocations=12 (full 2):
 PSYoungGen      total 198656K, used 16884K [0x00000000e0000000, 0x00000000edf00000, 0x0000000100000000)
  eden space 181760K, 0% used [0x00000000e0000000,0x00000000e0000000,0x00000000eb180000)
  from space 16896K, 99% used [0x00000000ec680000,0x00000000ed6fd340,0x00000000ed700000)
  to   space 21504K, 0% used [0x00000000eb180000,0x00000000eb180000,0x00000000ec680000)
 ParOldGen       total 94720K, used 26814K [0x00000000a0000000, 0x00000000a5c80000, 0x00000000e0000000)
  object space 94720K, 28% used [0x00000000a0000000,0x00000000a1a2fb30,0x00000000a5c80000)
 Metaspace       used 55727K, capacity 57738K, committed 58024K, reserved 1099776K
  class space    used 7619K, capacity 8023K, committed 8104K, reserved 1048576K
}
Event: 4.805 GC heap before
{Heap before GC invocations=13 (full 2):
 PSYoungGen      total 198656K, used 44985K [0x00000000e0000000, 0x00000000edf00000, 0x0000000100000000)
  eden space 181760K, 15% used [0x00000000e0000000,0x00000000e1b71478,0x00000000eb180000)
  from space 16896K, 99% used [0x00000000ec680000,0x00000000ed6fd340,0x00000000ed700000)
  to   space 21504K, 0% used [0x00000000eb180000,0x00000000eb180000,0x00000000ec680000)
 ParOldGen       total 94720K, used 26814K [0x00000000a0000000, 0x00000000a5c80000, 0x00000000e0000000)
  object space 94720K, 28% used [0x00000000a0000000,0x00000000a1a2fb30,0x00000000a5c80000)
 Metaspace       used 57079K, capacity 59086K, committed 59160K, reserved 1099776K
  class space    used 7837K, capacity 8309K, committed 8360K, reserved 1048576K
Event: 4.819 GC heap after
Heap after GC invocations=13 (full 2):
 PSYoungGen      total 203264K, used 18644K [0x00000000e0000000, 0x00000000f1a00000, 0x0000000100000000)
  eden space 181760K, 0% used [0x00000000e0000000,0x00000000e0000000,0x00000000eb180000)
  from space 21504K, 86% used [0x00000000eb180000,0x00000000ec3b50f0,0x00000000ec680000)
  to   space 23552K, 0% used [0x00000000f0300000,0x00000000f0300000,0x00000000f1a00000)
 ParOldGen       total 94720K, used 26814K [0x00000000a0000000, 0x00000000a5c80000, 0x00000000e0000000)
  object space 94720K, 28% used [0x00000000a0000000,0x00000000a1a2fb30,0x00000000a5c80000)
 Metaspace       used 57079K, capacity 59086K, committed 59160K, reserved 1099776K
  class space    used 7837K, capacity 8309K, committed 8360K, reserved 1048576K
}
Event: 4.819 GC heap before
{Heap before GC invocations=14 (full 3):
 PSYoungGen      total 203264K, used 18644K [0x00000000e0000000, 0x00000000f1a00000, 0x0000000100000000)
  eden space 181760K, 0% used [0x00000000e0000000,0x00000000e0000000,0x00000000eb180000)
  from space 21504K, 86% used [0x00000000eb180000,0x00000000ec3b50f0,0x00000000ec680000)
  to   space 23552K, 0% used [0x00000000f0300000,0x00000000f0300000,0x00000000f1a00000)
 ParOldGen       total 94720K, used 26814K [0x00000000a0000000, 0x00000000a5c80000, 0x00000000e0000000)
  object space 94720K, 28% used [0x00000000a0000000,0x00000000a1a2fb30,0x00000000a5c80000)
 Metaspace       used 57079K, capacity 59086K, committed 59160K, reserved 1099776K
  class space    used 7837K, capacity 8309K, committed 8360K, reserved 1048576K
Event: 4.993 GC heap after
Heap after GC invocations=14 (full 3):
 PSYoungGen      total 203264K, used 0K [0x00000000e0000000, 0x00000000f1a00000, 0x0000000100000000)
  eden space 181760K, 0% used [0x00000000e0000000,0x00000000e0000000,0x00000000eb180000)
  from space 21504K, 0% used [0x00000000eb180000,0x00000000eb180000,0x00000000ec680000)
  to   space 23552K, 0% used [0x00000000f0300000,0x00000000f0300000,0x00000000f1a00000)
 ParOldGen       total 140800K, used 33098K [0x00000000a0000000, 0x00000000a8980000, 0x00000000e0000000)
  object space 140800K, 23% used [0x00000000a0000000,0x00000000a2052888,0x00000000a8980000)
 Metaspace       used 57047K, capacity 58978K, committed 59160K, reserved 1099776K
  class space    used 7827K, capacity 8291K, committed 8360K, reserved 1048576K
}
Event: 195.728 GC heap before
{Heap before GC invocations=15 (full 3):
 PSYoungGen      total 203264K, used 181760K [0x00000000e0000000, 0x00000000f1a00000, 0x0000000100000000)
  eden space 181760K, 100% used [0x00000000e0000000,0x00000000eb180000,0x00000000eb180000)
  from space 21504K, 0% used [0x00000000eb180000,0x00000000eb180000,0x00000000ec680000)
  to   space 23552K, 0% used [0x00000000f0300000,0x00000000f0300000,0x00000000f1a00000)
 ParOldGen       total 140800K, used 33098K [0x00000000a0000000, 0x00000000a8980000, 0x00000000e0000000)
  object space 140800K, 23% used [0x00000000a0000000,0x00000000a2052888,0x00000000a8980000)
 Metaspace       used 59102K, capacity 61162K, committed 61352K, reserved 1101824K
  class space    used 8095K, capacity 8601K, committed 8616K, reserved 1048576K
Event: 195.732 GC heap after
Heap after GC invocations=15 (full 3):
 PSYoungGen      total 227328K, used 4902K [0x00000000e0000000, 0x00000000f0800000, 0x0000000100000000)
  eden space 222208K, 0% used [0x00000000e0000000,0x00000000e0000000,0x00000000ed900000)
  from space 5120K, 95% used [0x00000000f0300000,0x00000000f07c9818,0x00000000f0800000)
  to   space 23552K, 0% used [0x00000000eda00000,0x00000000eda00000,0x00000000ef100000)
 ParOldGen       total 140800K, used 33106K [0x00000000a0000000, 0x00000000a8980000, 0x00000000e0000000)
  object space 140800K, 23% used [0x00000000a0000000,0x00000000a2054888,0x00000000a8980000)
 Metaspace       used 59102K, capacity 61162K, committed 61352K, reserved 1101824K
  class space    used 8095K, capacity 8601K, committed 8616K, reserved 1048576K
}
Event: 471.942 GC heap before
{Heap before GC invocations=16 (full 3):
 PSYoungGen      total 227328K, used 227110K [0x00000000e0000000, 0x00000000f0800000, 0x0000000100000000)
  eden space 222208K, 100% used [0x00000000e0000000,0x00000000ed900000,0x00000000ed900000)
  from space 5120K, 95% used [0x00000000f0300000,0x00000000f07c9818,0x00000000f0800000)
  to   space 23552K, 0% used [0x00000000eda00000,0x00000000eda00000,0x00000000ef100000)
 ParOldGen       total 140800K, used 33106K [0x00000000a0000000, 0x00000000a8980000, 0x00000000e0000000)
  object space 140800K, 23% used [0x00000000a0000000,0x00000000a2054888,0x00000000a8980000)
 Metaspace       used 59234K, capacity 61294K, committed 61352K, reserved 1101824K
  class space    used 8095K, capacity 8601K, committed 8616K, reserved 1048576K
Event: 471.953 GC heap after
Heap after GC invocations=16 (full 3):
 PSYoungGen      total 246784K, used 5674K [0x00000000e0000000, 0x00000000f2e00000, 0x0000000100000000)
  eden space 223232K, 0% used [0x00000000e0000000,0x00000000e0000000,0x00000000eda00000)
  from space 23552K, 24% used [0x00000000eda00000,0x00000000edf8aa30,0x00000000ef100000)
  to   space 23040K, 0% used [0x00000000f1780000,0x00000000f1780000,0x00000000f2e00000)
 ParOldGen       total 140800K, used 33114K [0x00000000a0000000, 0x00000000a8980000, 0x00000000e0000000)
  object space 140800K, 23% used [0x00000000a0000000,0x00000000a2056888,0x00000000a8980000)
 Metaspace       used 59234K, capacity 61294K, committed 61352K, reserved 1101824K
  class space    used 8095K, capacity 8601K, committed 8616K, reserved 1048576K
}

