# JRE version: OpenJDK Runtime Environment (8.0_202-b03) (build 1.8.0_202-release-1483-b03)
# Java VM: OpenJDK 64-Bit Server VM (25.202-b03 mixed mode windows-amd64 compressed oops)
Heap:
 PSYoungGen      total 275456K, used 37873K [0x00000000e0000000, 0x00000000f6c00000, 0x0000000100000000)
  eden space 253440K, 13% used [0x00000000e0000000,0x00000000e2271f20,0x00000000ef780000)
  from space 22016K, 11% used [0x00000000ef780000,0x00000000efa0a630,0x00000000f0d00000)
  to   space 22016K, 0% used [0x00000000f5680000,0x00000000f5680000,0x00000000f6c00000)
 ParOldGen       total 132608K, used 36123K [0x00000000a0000000, 0x00000000a8180000, 0x00000000e0000000)
  object space 132608K, 27% used [0x00000000a0000000,0x00000000a2346e60,0x00000000a8180000)
 Metaspace       used 59523K, capacity 61632K, committed 61864K, reserved 1101824K
  class space    used 8126K, capacity 8605K, committed 8616K, reserved 1048576K
GC Heap History (10 events):
Event: 10.616 GC heap before
{Heap before GC invocations=12 (full 2):
 PSYoungGen      total 165376K, used 165368K [0x00000000e0000000, 0x00000000ede80000, 0x0000000100000000)
  eden space 152064K, 100% used [0x00000000e0000000,0x00000000e9480000,0x00000000e9480000)
  from space 13312K, 99% used [0x00000000e9480000,0x00000000ea17e358,0x00000000ea180000)
  to   space 16896K, 0% used [0x00000000ece00000,0x00000000ece00000,0x00000000ede80000)
 ParOldGen       total 91648K, used 19981K [0x00000000a0000000, 0x00000000a5980000, 0x00000000e0000000)
  object space 91648K, 21% used [0x00000000a0000000,0x00000000a13837a0,0x00000000a5980000)
 Metaspace       used 56494K, capacity 58538K, committed 58664K, reserved 1099776K
  class space    used 7756K, capacity 8193K, committed 8232K, reserved 1048576K
Event: 10.633 GC heap after
Heap after GC invocations=12 (full 2):
 PSYoungGen      total 205824K, used 16868K [0x00000000e0000000, 0x00000000ee680000, 0x0000000100000000)
  eden space 188928K, 0% used [0x00000000e0000000,0x00000000e0000000,0x00000000eb880000)
  from space 16896K, 99% used [0x00000000ece00000,0x00000000ede79350,0x00000000ede80000)
  to   space 22016K, 0% used [0x00000000eb880000,0x00000000eb880000,0x00000000ece00000)
 ParOldGen       total 91648K, used 28114K [0x00000000a0000000, 0x00000000a5980000, 0x00000000e0000000)
  object space 91648K, 30% used [0x00000000a0000000,0x00000000a1b749f8,0x00000000a5980000)
 Metaspace       used 56494K, capacity 58538K, committed 58664K, reserved 1099776K
  class space    used 7756K, capacity 8193K, committed 8232K, reserved 1048576K
}
Event: 10.767 GC heap before
{Heap before GC invocations=13 (full 2):
 PSYoungGen      total 205824K, used 28017K [0x00000000e0000000, 0x00000000ee680000, 0x0000000100000000)
  eden space 188928K, 5% used [0x00000000e0000000,0x00000000e0ae33e0,0x00000000eb880000)
  from space 16896K, 99% used [0x00000000ece00000,0x00000000ede79350,0x00000000ede80000)
  to   space 22016K, 0% used [0x00000000eb880000,0x00000000eb880000,0x00000000ece00000)
 ParOldGen       total 91648K, used 28114K [0x00000000a0000000, 0x00000000a5980000, 0x00000000e0000000)
  object space 91648K, 30% used [0x00000000a0000000,0x00000000a1b749f8,0x00000000a5980000)
 Metaspace       used 56995K, capacity 59014K, committed 59160K, reserved 1099776K
  class space    used 7826K, capacity 8269K, committed 8360K, reserved 1048576K
Event: 10.782 GC heap after
Heap after GC invocations=13 (full 2):
 PSYoungGen      total 210944K, used 725K [0x00000000e0000000, 0x00000000f3100000, 0x0000000100000000)
  eden space 188928K, 0% used [0x00000000e0000000,0x00000000e0000000,0x00000000eb880000)
  from space 22016K, 3% used [0x00000000eb880000,0x00000000eb935458,0x00000000ece00000)
  to   space 22528K, 0% used [0x00000000f1b00000,0x00000000f1b00000,0x00000000f3100000)
 ParOldGen       total 91648K, used 44896K [0x00000000a0000000, 0x00000000a5980000, 0x00000000e0000000)
  object space 91648K, 48% used [0x00000000a0000000,0x00000000a2bd83a8,0x00000000a5980000)
 Metaspace       used 56995K, capacity 59014K, committed 59160K, reserved 1099776K
  class space    used 7826K, capacity 8269K, committed 8360K, reserved 1048576K
}
Event: 10.782 GC heap before
{Heap before GC invocations=14 (full 3):
 PSYoungGen      total 210944K, used 725K [0x00000000e0000000, 0x00000000f3100000, 0x0000000100000000)
  eden space 188928K, 0% used [0x00000000e0000000,0x00000000e0000000,0x00000000eb880000)
  from space 22016K, 3% used [0x00000000eb880000,0x00000000eb935458,0x00000000ece00000)
  to   space 22528K, 0% used [0x00000000f1b00000,0x00000000f1b00000,0x00000000f3100000)
 ParOldGen       total 91648K, used 44896K [0x00000000a0000000, 0x00000000a5980000, 0x00000000e0000000)
  object space 91648K, 48% used [0x00000000a0000000,0x00000000a2bd83a8,0x00000000a5980000)
 Metaspace       used 56995K, capacity 59014K, committed 59160K, reserved 1099776K
  class space    used 7826K, capacity 8269K, committed 8360K, reserved 1048576K
Event: 10.973 GC heap after
Heap after GC invocations=14 (full 3):
 PSYoungGen      total 210944K, used 0K [0x00000000e0000000, 0x00000000f3100000, 0x0000000100000000)
  eden space 188928K, 0% used [0x00000000e0000000,0x00000000e0000000,0x00000000eb880000)
  from space 22016K, 0% used [0x00000000eb880000,0x00000000eb880000,0x00000000ece00000)
  to   space 22528K, 0% used [0x00000000f1b00000,0x00000000f1b00000,0x00000000f3100000)
 ParOldGen       total 132608K, used 32599K [0x00000000a0000000, 0x00000000a8180000, 0x00000000e0000000)
  object space 132608K, 24% used [0x00000000a0000000,0x00000000a1fd5e20,0x00000000a8180000)
 Metaspace       used 56973K, capacity 58936K, committed 59160K, reserved 1099776K
  class space    used 7819K, capacity 8256K, committed 8360K, reserved 1048576K
}
Event: 209.979 GC heap before
{Heap before GC invocations=15 (full 3):
 PSYoungGen      total 210944K, used 188928K [0x00000000e0000000, 0x00000000f3100000, 0x0000000100000000)
  eden space 188928K, 100% used [0x00000000e0000000,0x00000000eb880000,0x00000000eb880000)
  from space 22016K, 0% used [0x00000000eb880000,0x00000000eb880000,0x00000000ece00000)
  to   space 22528K, 0% used [0x00000000f1b00000,0x00000000f1b00000,0x00000000f3100000)
 ParOldGen       total 132608K, used 32599K [0x00000000a0000000, 0x00000000a8180000, 0x00000000e0000000)
  object space 132608K, 24% used [0x00000000a0000000,0x00000000a1fd5e20,0x00000000a8180000)
 Metaspace       used 59131K, capacity 61238K, committed 61352K, reserved 1101824K
  class space    used 8099K, capacity 8601K, committed 8616K, reserved 1048576K
Event: 209.993 GC heap after
Heap after GC invocations=15 (full 3):
 PSYoungGen      total 261120K, used 4961K [0x00000000e0000000, 0x00000000f2280000, 0x0000000100000000)
  eden space 253440K, 0% used [0x00000000e0000000,0x00000000e0000000,0x00000000ef780000)
  from space 7680K, 64% used [0x00000000f1b00000,0x00000000f1fd8440,0x00000000f2280000)
  to   space 22016K, 0% used [0x00000000ef780000,0x00000000ef780000,0x00000000f0d00000)
 ParOldGen       total 132608K, used 32607K [0x00000000a0000000, 0x00000000a8180000, 0x00000000e0000000)
  object space 132608K, 24% used [0x00000000a0000000,0x00000000a1fd7e20,0x00000000a8180000)
 Metaspace       used 59131K, capacity 61238K, committed 61352K, reserved 1101824K
  class space    used 8099K, capacity 8601K, committed 8616K, reserved 1048576K
}
Event: 525.384 GC heap before
{Heap before GC invocations=16 (full 3):
 PSYoungGen      total 261120K, used 258401K [0x00000000e0000000, 0x00000000f2280000, 0x0000000100000000)
  eden space 253440K, 100% used [0x00000000e0000000,0x00000000ef780000,0x00000000ef780000)
  from space 7680K, 64% used [0x00000000f1b00000,0x00000000f1fd8440,0x00000000f2280000)
  to   space 22016K, 0% used [0x00000000ef780000,0x00000000ef780000,0x00000000f0d00000)
 ParOldGen       total 132608K, used 32607K [0x00000000a0000000, 0x00000000a8180000, 0x00000000e0000000)
  object space 132608K, 24% used [0x00000000a0000000,0x00000000a1fd7e20,0x00000000a8180000)
 Metaspace       used 59271K, capacity 61366K, committed 61608K, reserved 1101824K
  class space    used 8099K, capacity 8601K, committed 8616K, reserved 1048576K
Event: 525.391 GC heap after
Heap after GC invocations=16 (full 3):
 PSYoungGen      total 275456K, used 2601K [0x00000000e0000000, 0x00000000f6c00000, 0x0000000100000000)
  eden space 253440K, 0% used [0x00000000e0000000,0x00000000e0000000,0x00000000ef780000)
  from space 22016K, 11% used [0x00000000ef780000,0x00000000efa0a630,0x00000000f0d00000)
  to   space 22016K, 0% used [0x00000000f5680000,0x00000000f5680000,0x00000000f6c00000)
 ParOldGen       total 132608K, used 36123K [0x00000000a0000000, 0x00000000a8180000, 0x00000000e0000000)
  object space 132608K, 27% used [0x00000000a0000000,0x00000000a2346e60,0x00000000a8180000)
 Metaspace       used 59271K, capacity 61366K, committed 61608K, reserved 1101824K
  class space    used 8099K, capacity 8601K, committed 8616K, reserved 1048576K
}

